[0317/172359.160:WARNING:spdy_session.cc(3365)] Received HEADERS for invalid stream 9
[0317/172359.168:WARNING:spdy_session.cc(3365)] Received HEADERS for invalid stream 7
[0317/172359.195:WARNING:spdy_session.cc(3365)] Received HEADERS for invalid stream 11
[0317/172359.206:WARNING:spdy_session.cc(3365)] Received HEADERS for invalid stream 13
[0317/172359.216:WARNING:spdy_session.cc(3365)] Received HEADERS for invalid stream 17
[0317/172359.223:WARNING:spdy_session.cc(3365)] Received HEADERS for invalid stream 21
[0317/172359.228:WARNING:spdy_session.cc(3365)] Received HEADERS for invalid stream 25
[0317/172359.233:WARNING:spdy_session.cc(3365)] Received HEADERS for invalid stream 19
[0317/172359.236:WARNING:spdy_session.cc(3365)] Received HEADERS for invalid stream 29
[0317/172359.238:WARNING:spdy_session.cc(3365)] Received HEADERS for invalid stream 33
[0317/172359.249:WARNING:spdy_session.cc(3365)] Received HEADERS for invalid stream 23
[0317/172359.315:WARNING:spdy_session.cc(3365)] Received HEADERS for invalid stream 31
[0317/172359.570:WARNING:spdy_session.cc(3365)] Received HEADERS for invalid stream 27
[0317/172359.593:WARNING:spdy_session.cc(3365)] Received HEADERS for invalid stream 37
[0317/172359.752:WARNING:spdy_session.cc(3365)] Received HEADERS for invalid stream 39
[0317/172359.772:WARNING:spdy_session.cc(3365)] Received HEADERS for invalid stream 35
[0317/172359.774:WARNING:spdy_session.cc(3365)] Received HEADERS for invalid stream 43
[0317/172359.774:WARNING:spdy_session.cc(3365)] Received HEADERS for invalid stream 47
[0317/172359.774:WARNING:spdy_session.cc(3365)] Received HEADERS for invalid stream 49
[0317/172359.774:WARNING:spdy_session.cc(3365)] Received HEADERS for invalid stream 51
[0317/172359.775:WARNING:spdy_session.cc(3365)] Received HEADERS for invalid stream 41
[0317/172359.775:WARNING:spdy_session.cc(3365)] Received HEADERS for invalid stream 53
[0317/172359.775:WARNING:spdy_session.cc(3365)] Received HEADERS for invalid stream 57
[0317/172359.775:WARNING:spdy_session.cc(3365)] Received HEADERS for invalid stream 59
[0317/172359.775:WARNING:spdy_session.cc(3365)] Received HEADERS for invalid stream 55
[0317/172359.775:WARNING:spdy_session.cc(3365)] Received HEADERS for invalid stream 45
[0317/172359.775:WARNING:spdy_session.cc(3365)] Received HEADERS for invalid stream 71
[0317/172359.775:WARNING:spdy_session.cc(3365)] Received HEADERS for invalid stream 65
[0317/172359.775:WARNING:spdy_session.cc(3365)] Received HEADERS for invalid stream 73
[0317/172359.775:WARNING:spdy_session.cc(3365)] Received HEADERS for invalid stream 61
[0317/172359.775:WARNING:spdy_session.cc(3365)] Received HEADERS for invalid stream 63
[0317/172359.775:WARNING:spdy_session.cc(3365)] Received HEADERS for invalid stream 69
[0317/172359.775:WARNING:spdy_session.cc(3365)] Received HEADERS for invalid stream 75
[0317/172359.775:WARNING:spdy_session.cc(3365)] Received HEADERS for invalid stream 77
[0317/172359.775:WARNING:spdy_session.cc(3365)] Received HEADERS for invalid stream 67
[0317/172435.871:INFO:CONSOLE(2)] "JQMIGRATE: Migrate is installed, version 3.3.2", source: https://www.codenameone.com/wp-includes/js/jquery/jquery-migrate.min.js?ver=3.3.2 (2)
[0317/172449.491:INFO:CONSOLE(72)] "Unrecognized feature: 'attribution-reporting'.", source: https://www.googleadservices.com/pagead/conversion_async.js (72)
[0317/172450.268:INFO:CONSOLE(0)] "A cookie associated with a cross-site resource at https://facebook.com/ was set without the `SameSite` attribute. A future release of Chrome will only deliver cookies with cross-site requests if they are set with `SameSite=None` and `Secure`. You can review cookies in developer tools under Application>Storage>Cookies and see more details at https://www.chromestatus.com/feature/5088147346030592 and https://www.chromestatus.com/feature/5633521622188032.", source: https://www.codenameone.com/ (0)
[0317/172534.491:INFO:CONSOLE(2)] "JQMIGRATE: Migrate is installed, version 3.3.2", source: https://www.codenameone.com/wp-includes/js/jquery/jquery-migrate.min.js?ver=3.3.2 (2)
[0317/172605.110:INFO:CONSOLE(72)] "Unrecognized feature: 'attribution-reporting'.", source: https://www.googleadservices.com/pagead/conversion_async.js (72)
[0317/172609.381:INFO:CONSOLE(0)] "A cookie associated with a cross-site resource at https://facebook.com/ was set without the `SameSite` attribute. A future release of Chrome will only deliver cookies with cross-site requests if they are set with `SameSite=None` and `Secure`. You can review cookies in developer tools under Application>Storage>Cookies and see more details at https://www.chromestatus.com/feature/5088147346030592 and https://www.chromestatus.com/feature/5633521622188032.", source: https://www.codenameone.com/ (0)
[0325/212954.898:INFO:CONSOLE(66)] "You must enable Billing on the Google Cloud Project at https://console.cloud.google.com/project/_/billing/enable Learn more at https://developers.google.com/maps/gmp-get-started", source: https://maps.googleapis.com/maps/api/js?key=AIzaSyCy-fMWerzvXcPCV0FDI07hW2DAzs_mnpY&callback=initMap (66)
[0325/212955.697:WARNING:spdy_session.cc(3365)] Received HEADERS for invalid stream 5
[0325/213002.592:INFO:CONSOLE(22)] "Here I am !!!", source: https://cn1app/streams/1 (22)
[0325/214340.194:INFO:CONSOLE(66)] "You must enable Billing on the Google Cloud Project at https://console.cloud.google.com/project/_/billing/enable Learn more at https://developers.google.com/maps/gmp-get-started", source: https://maps.googleapis.com/maps/api/js?key=AIzaSyCy-fMWerzvXcPCV0FDI07hW2DAzs_mnpY&callback=initMap (66)
[0325/214345.370:INFO:CONSOLE(22)] "Here I am !!!", source: https://cn1app/streams/1 (22)
[0325/214816.539:INFO:CONSOLE(66)] "You must enable Billing on the Google Cloud Project at https://console.cloud.google.com/project/_/billing/enable Learn more at https://developers.google.com/maps/gmp-get-started", source: https://maps.googleapis.com/maps/api/js?key=AIzaSyCy-fMWerzvXcPCV0FDI07hW2DAzs_mnpY&callback=initMap (66)
[0325/214823.558:INFO:CONSOLE(22)] "Here I am !!!", source: https://cn1app/streams/1 (22)
[0325/233203.485:INFO:CONSOLE(66)] "You must enable Billing on the Google Cloud Project at https://console.cloud.google.com/project/_/billing/enable Learn more at https://developers.google.com/maps/gmp-get-started", source: https://maps.googleapis.com/maps/api/js?key=AIzaSyCy-fMWerzvXcPCV0FDI07hW2DAzs_mnpY&callback=initMap (66)
[0325/233210.569:INFO:CONSOLE(22)] "Here I am !!!", source: https://cn1app/streams/1 (22)
[0331/131807.084:INFO:CONSOLE(69)] "You must enable Billing on the Google Cloud Project at https://console.cloud.google.com/project/_/billing/enable Learn more at https://developers.google.com/maps/gmp-get-started", source: https://maps.googleapis.com/maps/api/js?key=AIzaSyCy-fMWerzvXcPCV0FDI07hW2DAzs_mnpY&callback=initMap (69)
[0331/131815.192:INFO:CONSOLE(22)] "Here I am !!!", source: https://cn1app/streams/1 (22)
[0331/175654.402:INFO:CONSOLE(69)] "You must enable Billing on the Google Cloud Project at https://console.cloud.google.com/project/_/billing/enable Learn more at https://developers.google.com/maps/gmp-get-started", source: https://maps.googleapis.com/maps/api/js?key=AIzaSyCy-fMWerzvXcPCV0FDI07hW2DAzs_mnpY&callback=initMap (69)
[0331/175702.185:INFO:CONSOLE(22)] "Here I am !!!", source: https://cn1app/streams/1 (22)
[0331/180020.951:INFO:CONSOLE(69)] "You must enable Billing on the Google Cloud Project at https://console.cloud.google.com/project/_/billing/enable Learn more at https://developers.google.com/maps/gmp-get-started", source: https://maps.googleapis.com/maps/api/js?key=AIzaSyCy-fMWerzvXcPCV0FDI07hW2DAzs_mnpY&callback=initMap (69)
[0331/180029.053:INFO:CONSOLE(22)] "Here I am !!!", source: https://cn1app/streams/1 (22)
[0331/180346.259:INFO:CONSOLE(69)] "You must enable Billing on the Google Cloud Project at https://console.cloud.google.com/project/_/billing/enable Learn more at https://developers.google.com/maps/gmp-get-started", source: https://maps.googleapis.com/maps/api/js?key=AIzaSyCy-fMWerzvXcPCV0FDI07hW2DAzs_mnpY&callback=initMap (69)
[0331/180354.213:INFO:CONSOLE(22)] "Here I am !!!", source: https://cn1app/streams/1 (22)
[0331/180637.888:INFO:CONSOLE(69)] "You must enable Billing on the Google Cloud Project at https://console.cloud.google.com/project/_/billing/enable Learn more at https://developers.google.com/maps/gmp-get-started", source: https://maps.googleapis.com/maps/api/js?key=AIzaSyCy-fMWerzvXcPCV0FDI07hW2DAzs_mnpY&callback=initMap (69)
[0331/180646.207:INFO:CONSOLE(22)] "Here I am !!!", source: https://cn1app/streams/1 (22)
[0401/163829.883:INFO:CONSOLE(69)] "You must enable Billing on the Google Cloud Project at https://console.cloud.google.com/project/_/billing/enable Learn more at https://developers.google.com/maps/gmp-get-started", source: https://maps.googleapis.com/maps/api/js?key=AIzaSyCy-fMWerzvXcPCV0FDI07hW2DAzs_mnpY&callback=initMap (69)
[0401/163838.513:INFO:CONSOLE(22)] "Here I am !!!", source: https://cn1app/streams/1 (22)
[0401/164022.084:INFO:CONSOLE(69)] "You must enable Billing on the Google Cloud Project at https://console.cloud.google.com/project/_/billing/enable Learn more at https://developers.google.com/maps/gmp-get-started", source: https://maps.googleapis.com/maps/api/js?key=AIzaSyCy-fMWerzvXcPCV0FDI07hW2DAzs_mnpY&callback=initMap (69)
[0401/164030.773:INFO:CONSOLE(22)] "Here I am !!!", source: https://cn1app/streams/1 (22)
[0401/164407.966:INFO:CONSOLE(69)] "You must enable Billing on the Google Cloud Project at https://console.cloud.google.com/project/_/billing/enable Learn more at https://developers.google.com/maps/gmp-get-started", source: https://maps.googleapis.com/maps/api/js?key=AIzaSyCy-fMWerzvXcPCV0FDI07hW2DAzs_mnpY&callback=initMap (69)
[0401/164416.692:INFO:CONSOLE(22)] "Here I am !!!", source: https://cn1app/streams/1 (22)
[0401/170231.232:INFO:CONSOLE(69)] "You must enable Billing on the Google Cloud Project at https://console.cloud.google.com/project/_/billing/enable Learn more at https://developers.google.com/maps/gmp-get-started", source: https://maps.googleapis.com/maps/api/js?key=AIzaSyCy-fMWerzvXcPCV0FDI07hW2DAzs_mnpY&callback=initMap (69)
[0401/170239.575:INFO:CONSOLE(22)] "Here I am !!!", source: https://cn1app/streams/1 (22)
[0401/170301.950:INFO:CONSOLE(69)] "You must enable Billing on the Google Cloud Project at https://console.cloud.google.com/project/_/billing/enable Learn more at https://developers.google.com/maps/gmp-get-started", source: https://maps.googleapis.com/maps/api/js?key=AIzaSyCy-fMWerzvXcPCV0FDI07hW2DAzs_mnpY&callback=initMap (69)
[0401/170310.189:INFO:CONSOLE(22)] "Here I am !!!", source: https://cn1app/streams/1 (22)
[0401/170607.460:INFO:CONSOLE(69)] "You must enable Billing on the Google Cloud Project at https://console.cloud.google.com/project/_/billing/enable Learn more at https://developers.google.com/maps/gmp-get-started", source: https://maps.googleapis.com/maps/api/js?key=AIzaSyCy-fMWerzvXcPCV0FDI07hW2DAzs_mnpY&callback=initMap (69)
[0401/170615.783:INFO:CONSOLE(22)] "Here I am !!!", source: https://cn1app/streams/1 (22)
[0401/173358.819:INFO:CONSOLE(69)] "You must enable Billing on the Google Cloud Project at https://console.cloud.google.com/project/_/billing/enable Learn more at https://developers.google.com/maps/gmp-get-started", source: https://maps.googleapis.com/maps/api/js?key=AIzaSyCy-fMWerzvXcPCV0FDI07hW2DAzs_mnpY&callback=initMap (69)
[0401/173406.697:INFO:CONSOLE(22)] "Here I am !!!", source: https://cn1app/streams/1 (22)
[0401/173502.182:WARNING:spdy_session.cc(3365)] Received HEADERS for invalid stream 251
[0401/173502.243:WARNING:spdy_session.cc(3365)] Received HEADERS for invalid stream 259
[0402/141432.008:INFO:CONSOLE(69)] "You must enable Billing on the Google Cloud Project at https://console.cloud.google.com/project/_/billing/enable Learn more at https://developers.google.com/maps/gmp-get-started", source: https://maps.googleapis.com/maps/api/js?key=AIzaSyCy-fMWerzvXcPCV0FDI07hW2DAzs_mnpY&callback=initMap (69)
[0402/141439.975:INFO:CONSOLE(22)] "Here I am !!!", source: https://cn1app/streams/1 (22)
[0402/141451.604:WARNING:spdy_session.cc(3365)] Received HEADERS for invalid stream 81
[0402/141451.668:WARNING:spdy_session.cc(3365)] Received HEADERS for invalid stream 85
[0402/141451.675:WARNING:spdy_session.cc(3365)] Received HEADERS for invalid stream 83
[0402/141451.693:WARNING:spdy_session.cc(3365)] Received HEADERS for invalid stream 87
[0402/141451.713:WARNING:spdy_session.cc(3365)] Received HEADERS for invalid stream 89
[0402/141452.287:WARNING:spdy_session.cc(3365)] Received HEADERS for invalid stream 103
[0402/141452.308:WARNING:spdy_session.cc(3365)] Received HEADERS for invalid stream 105
